<?xml version="1.0" encoding="utf-8"?><testsuites name="pytest tests"><testsuite name="pytest" errors="0" failures="2" skipped="0" tests="82" time="0.937" timestamp="2026-03-01T21:39:15.912227+05:30" hostname="Aditya"><testcase classname="tests.test_auth.TestAPIKeyAuthentication" name="test_no_auth_header_returns_401" time="0.026" /><testcase classname="tests.test_auth.TestAPIKeyAuthentication" name="test_invalid_api_key_returns_401" time="0.003" /><testcase classname="tests.test_auth.TestAPIKeyAuthentication" name="test_expired_key_returns_403" time="0.002" /><testcase classname="tests.test_auth.TestAPIKeyAuthentication" name="test_live_key_rejected" time="0.003" /><testcase classname="tests.test_auth.TestAPIKeyAuthentication" name="test_x_api_key_header_accepted" time="0.002" /><testcase classname="tests.test_auth.TestAPIKeyAuthentication" name="test_bearer_token_format" time="0.005" /><testcase classname="tests.test_auth.TestAPIKeyAuthentication" name="test_malformed_bearer_header" time="0.003" /><testcase classname="tests.test_auth.TestPermissions" name="test_readonly_key_can_list_payments" time="0.002" /><testcase classname="tests.test_auth.TestPermissions" name="test_readonly_key_cannot_create_payment" time="0.004" /><testcase classname="tests.test_auth.TestPermissions" name="test_standard_key_cannot_manage_webhooks" time="0.003" /><testcase classname="tests.test_auth.TestPermissions" name="test_admin_key_can_manage_webhooks" time="0.002" /><testcase classname="tests.test_auth.TestPermissions" name="test_admin_key_can_reset_data" time="0.002" /><testcase classname="tests.test_auth.TestPermissions" name="test_standard_key_cannot_reset_data" time="0.002" /><testcase classname="tests.test_auth.TestOAuth2Flow" name="test_authorize_returns_code" time="0.003" /><testcase classname="tests.test_auth.TestOAuth2Flow" name="test_authorize_missing_client_id" time="0.002" /><testcase classname="tests.test_auth.TestOAuth2Flow" name="test_authorize_missing_redirect_uri" time="0.002" /><testcase classname="tests.test_auth.TestOAuth2Flow" name="test_token_exchange_success" time="0.002" /><testcase classname="tests.test_auth.TestOAuth2Flow" name="test_token_exchange_code_reuse_fails" time="0.003" /><testcase classname="tests.test_auth.TestOAuth2Flow" name="test_client_credentials_grant" time="0.002" /><testcase classname="tests.test_auth.TestOAuth2Flow" name="test_refresh_token_grant" time="0.003" /><testcase classname="tests.test_auth.TestOAuth2Flow" name="test_unsupported_grant_type" time="0.002" /><testcase classname="tests.test_auth.TestPublicEndpoints" name="test_health_no_auth" time="0.002" /><testcase classname="tests.test_auth.TestPublicEndpoints" name="test_api_info_no_auth" time="0.002" /><testcase classname="tests.test_payments.TestCreatePayment" name="test_create_payment_success" time="0.002" /><testcase classname="tests.test_payments.TestCreatePayment" name="test_create_payment_all_currencies" time="0.006" /><testcase classname="tests.test_payments.TestCreatePayment" name="test_create_payment_missing_amount" time="0.003" /><testcase classname="tests.test_payments.TestCreatePayment" name="test_create_payment_negative_amount" time="0.002" /><testcase classname="tests.test_payments.TestCreatePayment" name="test_create_payment_amount_below_minimum" time="0.007" /><testcase classname="tests.test_payments.TestCreatePayment" name="test_create_payment_invalid_currency" time="0.003" /><testcase classname="tests.test_payments.TestCreatePayment" name="test_create_payment_invalid_email" time="0.003" /><testcase classname="tests.test_payments.TestCreatePayment" name="test_create_payment_invalid_payment_method" time="0.004" /><testcase classname="tests.test_payments.TestCreatePayment" name="test_create_payment_empty_body" time="0.002" /><testcase classname="tests.test_payments.TestCreatePayment" name="test_create_payment_simulated_decline" time="0.003" /><testcase classname="tests.test_payments.TestCreatePayment" name="test_create_payment_idempotency" time="0.006" /><testcase classname="tests.test_payments.TestCreatePayment" name="test_create_payment_with_metadata" time="0.003" /><testcase classname="tests.test_payments.TestCreatePayment" name="test_create_payment_description_too_long" time="0.004" /><testcase classname="tests.test_payments.TestGetPayment" name="test_get_payment_success" time="0.003" /><testcase classname="tests.test_payments.TestGetPayment" name="test_get_payment_not_found" time="0.004" /><testcase classname="tests.test_payments.TestGetPayment" name="test_get_payment_invalid_id_format" time="0.004" /><testcase classname="tests.test_payments.TestListPayments" name="test_list_payments_empty" time="0.002" /><testcase classname="tests.test_payments.TestListPayments" name="test_list_payments_pagination" time="0.005" /><testcase classname="tests.test_payments.TestListPayments" name="test_list_payments_filter_by_status" time="0.003" /><testcase classname="tests.test_payments.TestListPayments" name="test_list_payments_invalid_page" time="0.002" /><testcase classname="tests.test_payments.TestPaymentStatus" name="test_check_status_success" time="0.003" /><testcase classname="tests.test_payments.TestCancelPayment" name="test_cancel_completed_payment_fails" time="0.003" /><testcase classname="tests.test_payments.TestRefunds" name="test_full_refund_success" time="0.003"><failure message="assert 422 == 201&#10; +  where 422 = &lt;WrapperTestResponse streamed [422 UNPROCESSABLE ENTITY]&gt;.status_code">self = &lt;tests.test_payments.TestRefunds object at 0x000002BBA86D87D0&gt;, client = &lt;FlaskClient &lt;Flask 'api.app'&gt;&gt;
auth_headers = {'Authorization': 'Bearer demo_key_4eC39HqLyjWDarjtT1zdp7dc', 'Content-Type': 'application/json'}
create_completed_payment = &lt;function create_completed_payment.&lt;locals&gt;._create at 0x000002BBA8A7C540&gt;

    def test_full_refund_success(self, client, auth_headers, create_completed_payment):
        """TC-023: Full refund of completed payment returns 201."""
        payment = create_completed_payment()
        resp = client.post(
            f"/v1/payments/{payment['id']}/refund",
            json={},
            headers=auth_headers,
        )
&gt;       assert resp.status_code == 201
E       assert 422 == 201
E        +  where 422 = &lt;WrapperTestResponse streamed [422 UNPROCESSABLE ENTITY]&gt;.status_code

tests\test_payments.py:329: AssertionError</failure></testcase><testcase classname="tests.test_payments.TestRefunds" name="test_partial_refund" time="0.005" /><testcase classname="tests.test_payments.TestRefunds" name="test_refund_exceeds_available_amount" time="0.003" /><testcase classname="tests.test_payments.TestRefunds" name="test_refund_failed_payment" time="0.004" /><testcase classname="tests.test_payments.TestRefunds" name="test_double_full_refund_fails" time="0.004"><failure message="assert 422 == 409&#10; +  where 422 = &lt;WrapperTestResponse streamed [422 UNPROCESSABLE ENTITY]&gt;.status_code">self = &lt;tests.test_payments.TestRefunds object at 0x000002BBA82CB410&gt;, client = &lt;FlaskClient &lt;Flask 'api.app'&gt;&gt;
auth_headers = {'Authorization': 'Bearer demo_key_4eC39HqLyjWDarjtT1zdp7dc', 'Content-Type': 'application/json'}
create_completed_payment = &lt;function create_completed_payment.&lt;locals&gt;._create at 0x000002BBA8A5F1A0&gt;

    def test_double_full_refund_fails(self, client, auth_headers, create_completed_payment):
        """TC-027: Second full refund after first returns 409."""
        payment = create_completed_payment()
    
        # First refund succeeds
        client.post(
            f"/v1/payments/{payment['id']}/refund",
            json={},
            headers=auth_headers,
        )
    
        # Second refund should fail (payment is now refunded)
        resp = client.post(
            f"/v1/payments/{payment['id']}/refund",
            json={},
            headers=auth_headers,
        )
&gt;       assert resp.status_code == 409
E       assert 422 == 409
E        +  where 422 = &lt;WrapperTestResponse streamed [422 UNPROCESSABLE ENTITY]&gt;.status_code

tests\test_payments.py:397: AssertionError</failure></testcase><testcase classname="tests.test_payments.TestResponseHeaders" name="test_request_id_header" time="0.003" /><testcase classname="tests.test_payments.TestResponseHeaders" name="test_custom_request_id_echoed" time="0.003" /><testcase classname="tests.test_payments.TestResponseHeaders" name="test_response_time_header" time="0.002" /><testcase classname="tests.test_payments.TestResponseHeaders" name="test_api_version_header" time="0.003" /><testcase classname="tests.test_payments.TestHealthAndInfo" name="test_health_check" time="0.002" /><testcase classname="tests.test_payments.TestHealthAndInfo" name="test_api_info" time="0.002" /><testcase classname="tests.test_payments.TestHealthAndInfo" name="test_404_returns_json" time="0.002" /><testcase classname="tests.test_rate_limit.TestRateLimiting" name="test_rate_limit_headers_present" time="0.004" /><testcase classname="tests.test_rate_limit.TestRateLimiting" name="test_rate_limit_remaining_decreases" time="0.002" /><testcase classname="tests.test_rate_limit.TestRateLimiting" name="test_rate_limit_enforced" time="0.004" /><testcase classname="tests.test_rate_limit.TestRateLimiting" name="test_rate_limit_429_has_retry_after" time="0.003" /><testcase classname="tests.test_rate_limit.TestRateLimiting" name="test_rate_limit_different_keys_independent" time="0.003" /><testcase classname="tests.test_rate_limit.TestRateLimiting" name="test_rate_limit_reset_clears_counters" time="0.001" /><testcase classname="tests.test_rate_limit.TestRateLimiting" name="test_rate_limit_global_reset" time="0.001" /><testcase classname="tests.test_rate_limit.TestRateLimiting" name="test_health_endpoint_not_rate_limited" time="0.006" /><testcase classname="tests.test_rate_limit.TestRateLimiting" name="test_rate_limit_shows_correct_limit_value" time="0.002" /><testcase classname="tests.test_runner" name="test_health_check" time="0.013" /><testcase classname="tests.test_runner" name="test_api_info" time="0.007" /><testcase classname="tests.test_runner" name="test_create_payment_success" time="0.008" /><testcase classname="tests.test_runner" name="test_create_payment_validation_error" time="0.008" /><testcase classname="tests.test_runner" name="test_create_payment_no_auth" time="0.006" /><testcase classname="tests.test_runner" name="test_get_payment" time="0.013" /><testcase classname="tests.test_runner" name="test_get_payment_not_found" time="0.007" /><testcase classname="tests.test_runner" name="test_list_payments_pagination" time="0.025" /><testcase classname="tests.test_runner" name="test_create_refund" time="0.012" /><testcase classname="tests.test_runner" name="test_payment_status" time="0.014" /><testcase classname="tests.test_runner" name="test_idempotency" time="0.013" /><testcase classname="tests.test_runner" name="test_oauth_authorize" time="0.007" /><testcase classname="tests.test_runner" name="test_oauth_token_exchange" time="0.014" /><testcase classname="tests.test_runner" name="test_simulated_card_decline" time="0.008" /><testcase classname="tests.test_runner" name="test_rate_limit_headers" time="0.008" /><testcase classname="tests.test_runner" name="test_404_json_response" time="0.006" /></testsuite></testsuites>